<?xml version="1.0" encoding="UTF-8"?>
<!-- Generated by org.testng.reporters.JUnitReportReporter -->
<testsuite skipped="0" hostname="LAPTOP-A80TIGBD" name="zoopla.uk.myrunner.MyRunner" tests="1" failures="0" timestamp="09 Nov 2020 07:38:43 GMT" time="11.852" errors="0">
  <testcase name="feature" time="11.852" classname="zoopla.uk.myrunner.MyRunner"/>
</testsuite> <!-- zoopla.uk.myrunner.MyRunner -->
