<?xml version="1.0" encoding="UTF-8"?>
<!-- Generated by org.testng.reporters.JUnitReportReporter -->
<testsuite skipped="0" hostname="LAPTOP-A80TIGBD" name="amazon.us.myrunner.Myrunner" tests="1" failures="0" timestamp="09 Nov 2020 07:46:31 GMT" time="12.689" errors="0">
  <testcase name="feature" time="12.689" classname="amazon.us.myrunner.Myrunner"/>
</testsuite> <!-- amazon.us.myrunner.Myrunner -->
