<?xml version="1.0" encoding="UTF-8"?>
<!-- Generated by org.testng.reporters.JUnitReportReporter -->
<testsuite skipped="1" hostname="LAPTOP-A80TIGBD" name="zoopla.uk.runner.MyRunner" tests="1" failures="0" timestamp="09 Nov 2020 06:32:15 GMT" time="0.000" errors="0">
  <testcase name="feature" time="0.000" classname="zoopla.uk.runner.MyRunner">
    <skipped/>
  </testcase> <!-- feature -->
</testsuite> <!-- zoopla.uk.runner.MyRunner -->
