<?xml version="1.0" encoding="UTF-8"?>
<!-- Generated by org.testng.reporters.JUnitReportReporter -->
<testsuite skipped="0" hostname="LAPTOP-A80TIGBD" name="amazon.us.myrunner.Myrunner" tests="1" failures="0" timestamp="13 Nov 2020 05:48:41 GMT" time="14.102" errors="0">
  <testcase name="feature" time="14.102" classname="amazon.us.myrunner.Myrunner"/>
</testsuite> <!-- amazon.us.myrunner.Myrunner -->
