<?xml version="1.0" encoding="UTF-8"?>
<!-- Generated by org.testng.reporters.JUnitReportReporter -->
<testsuite skipped="0" hostname="LAPTOP-A80TIGBD" name="amazon.usa.runner.Myrunner_Amazon" tests="1" failures="0" timestamp="14 Nov 2020 05:12:35 GMT" time="53.254" errors="0">
  <testcase name="feature" time="53.254" classname="amazon.usa.runner.Myrunner_Amazon"/>
</testsuite> <!-- amazon.usa.runner.Myrunner_Amazon -->
